<?xml version="1.0" encoding="UTF-8"?>
<coverage generated="1648662399676" clover="3.2.0">
  <project timestamp="1648662399676" name="All files">
    <metrics statements="5" coveredstatements="5" conditionals="2" coveredconditionals="1" methods="0" coveredmethods="0" elements="7" coveredelements="6" complexity="0" loc="5" ncloc="5" packages="1" files="1" classes="1"/>
    <file name="HelloWorldButton.svelte" path="/home/henri/Documents/SvelteKit-GoFiber-Template/frontend/src/components/ui/HelloWorldButton.svelte">
      <metrics statements="5" coveredstatements="5" conditionals="2" coveredconditionals="1" methods="0" coveredmethods="0"/>
      <line num="2" count="2" type="stmt"/>
      <line num="4" count="2" type="stmt"/>
      <line num="7" count="1" type="stmt"/>
      <line num="11" count="3" type="cond" truecount="0" falsecount="1"/>
      <line num="13" count="4" type="cond" truecount="1" falsecount="0"/>
    </file>
  </project>
</coverage>
