{"/home/henri/Documents/SvelteKit-GoFiber-Template/frontend/src/components/ui/HelloWorldButton.svelte": {"path":"/home/henri/Documents/SvelteKit-GoFiber-Template/frontend/src/components/ui/HelloWorldButton.svelte","statementMap":{"0":{"start":{"line":11,"column":4},"end":{"line":11,"column":11}},"1":{"start":{"line":11,"column":11},"end":{"line":11,"column":16}},"2":{"start":{"line":11,"column":16},"end":{"line":11,"column":21}},"3":{"start":{"line":13,"column":32},"end":{"line":13,"column":51}},"4":{"start":{"line":11,"column":0},"end":{"line":11,"column":null}},"5":{"start":{"line":13,"column":0},"end":{"line":13,"column":null}},"6":{"start":{"line":13,"column":18},"end":{"line":13,"column":32}},"7":{"start":{"line":2,"column":16},"end":{"line":2,"column":null}},"8":{"start":{"line":4,"column":18},"end":{"line":4,"column":26}},"9":{"start":{"line":7,"column":2},"end":{"line":7,"column":null}}},"fnMap":{},"branchMap":{"0":{"loc":{"start":{"line":11,"column":11},"end":{"line":11,"column":16}},"type":"if","locations":[{"start":{"line":11,"column":11},"end":{"line":11,"column":16}}]},"1":{"loc":{"start":{"line":13,"column":32},"end":{"line":13,"column":51}},"type":"if","locations":[{"start":{"line":13,"column":32},"end":{"line":13,"column":51}}]}},"s":{"0":2,"1":3,"2":2,"3":4,"4":2,"5":2,"6":2,"7":2,"8":2,"9":1},"f":{},"b":{"0":[0],"1":[1]}}
}
